  Entity.cpp
C:\Users\Griffin G. Salazar\Cpp Projects\Aether Engine\Aether Engine\src\Core\Geometry.h(23,43): warning C4244: 'return': conversion from 'double' to 'float', possible loss of data
  (compiling source file 'src/Entities/Entity.cpp')
  
C:\Users\Griffin G. Salazar\Cpp Projects\Aether Engine\Aether Engine\src\Core\Geometry.h(35,43): warning C4244: 'return': conversion from 'double' to 'float', possible loss of data
  (compiling source file 'src/Entities/Entity.cpp')
  
C:\Users\Griffin G. Salazar\Cpp Projects\Aether Engine\Aether Engine\src\Core\Geometry.h(36,45): warning C4244: 'return': conversion from 'double' to 'float', possible loss of data
  (compiling source file 'src/Entities/Entity.cpp')
  
C:\Users\Griffin G. Salazar\Cpp Projects\Aether Engine\Aether Engine\src\Core\Geometry.h(47,124): warning C4244: 'return': conversion from 'double' to 'float', possible loss of data
  (compiling source file 'src/Entities/Entity.cpp')
  
C:\Users\Griffin G. Salazar\Cpp Projects\Aether Engine\Aether Engine\src\Core\Geometry.h(60,39): warning C4244: 'return': conversion from 'int' to 'float', possible loss of data
  (compiling source file 'src/Entities/Entity.cpp')
  
C:\Users\Griffin G. Salazar\Cpp Projects\Aether Engine\Aether Engine\src\Core\Camera.h(14,67): warning C4244: '=': conversion from 'float' to 'int', possible loss of data
  (compiling source file 'src/Entities/Entity.cpp')
  
C:\Users\Griffin G. Salazar\Cpp Projects\Aether Engine\Aether Engine\src\Core\Camera.h(14,110): warning C4244: '=': conversion from 'float' to 'int', possible loss of data
  (compiling source file 'src/Entities/Entity.cpp')
  
C:\Users\Griffin G. Salazar\Cpp Projects\Aether Engine\Aether Engine\src\Graphics\Sprite.h(50,56): warning C4834: discarding return value of function with [[nodiscard]] attribute
  (compiling source file 'src/Entities/Entity.cpp')
  
C:\Users\Griffin G. Salazar\Cpp Projects\Aether Engine\Aether Engine\src\Graphics\Sprite.h(64,59): warning C4244: '=': conversion from 'double' to 'float', possible loss of data
  (compiling source file 'src/Entities/Entity.cpp')
  
C:\Users\Griffin G. Salazar\Cpp Projects\Aether Engine\Aether Engine\src\Graphics\Sprite.h(65,52): warning C4244: 'return': conversion from 'double' to 'float', possible loss of data
  (compiling source file 'src/Entities/Entity.cpp')
  
C:\Users\Griffin G. Salazar\Cpp Projects\Aether Engine\Aether Engine\src\Graphics\Font.h(11,37): warning C4244: 'argument': conversion from 'uint' to 'float', possible loss of data
  (compiling source file 'src/Entities/Entity.cpp')
  
C:\Users\Griffin G. Salazar\Cpp Projects\Aether Engine\Aether Engine\src\Graphics\Font.h(15,38): warning C4244: 'argument': conversion from 'uint' to 'float', possible loss of data
  (compiling source file 'src/Entities/Entity.cpp')
  
C:\Users\Griffin G. Salazar\Cpp Projects\Aether Engine\Aether Engine\src\Graphics\Text.h(50,55): warning C4834: discarding return value of function with [[nodiscard]] attribute
  (compiling source file 'src/Entities/Entity.cpp')
  
C:\Users\Griffin G. Salazar\Cpp Projects\Aether Engine\Aether Engine\src\Graphics\Text.h(75,59): warning C4244: '=': conversion from 'double' to 'float', possible loss of data
  (compiling source file 'src/Entities/Entity.cpp')
  
C:\Users\Griffin G. Salazar\Cpp Projects\Aether Engine\Aether Engine\src\Graphics\Text.h(76,52): warning C4244: 'return': conversion from 'double' to 'float', possible loss of data
  (compiling source file 'src/Entities/Entity.cpp')
  
C:\Users\Griffin G. Salazar\Cpp Projects\Aether Engine\Aether Engine\src\Entities\Entity.cpp(21,9): warning C4834: discarding return value of function with [[nodiscard]] attribute
C:\Users\Griffin G. Salazar\Cpp Projects\Aether Engine\Aether Engine\src\Entities\Entity.cpp(34,23): warning C4244: 'initializing': conversion from 'double' to 'float', possible loss of data
C:\Users\Griffin G. Salazar\Cpp Projects\Aether Engine\Aether Engine\src\Entities\Entity.cpp(48,20): warning C4244: '=': conversion from 'float' to 'int', possible loss of data
C:\Users\Griffin G. Salazar\Cpp Projects\Aether Engine\Aether Engine\src\Entities\Entity.cpp(49,20): warning C4244: '=': conversion from 'float' to 'int', possible loss of data
  Button.cpp
C:\Users\Griffin G. Salazar\Cpp Projects\Aether Engine\Aether Engine\src\Core\Geometry.h(23,43): warning C4244: 'return': conversion from 'double' to 'float', possible loss of data
  (compiling source file 'src/Entities/UI/Button.cpp')
  
C:\Users\Griffin G. Salazar\Cpp Projects\Aether Engine\Aether Engine\src\Core\Geometry.h(35,43): warning C4244: 'return': conversion from 'double' to 'float', possible loss of data
  (compiling source file 'src/Entities/UI/Button.cpp')
  
C:\Users\Griffin G. Salazar\Cpp Projects\Aether Engine\Aether Engine\src\Core\Geometry.h(36,45): warning C4244: 'return': conversion from 'double' to 'float', possible loss of data
  (compiling source file 'src/Entities/UI/Button.cpp')
  
C:\Users\Griffin G. Salazar\Cpp Projects\Aether Engine\Aether Engine\src\Core\Geometry.h(47,124): warning C4244: 'return': conversion from 'double' to 'float', possible loss of data
  (compiling source file 'src/Entities/UI/Button.cpp')
  
C:\Users\Griffin G. Salazar\Cpp Projects\Aether Engine\Aether Engine\src\Core\Geometry.h(60,39): warning C4244: 'return': conversion from 'int' to 'float', possible loss of data
  (compiling source file 'src/Entities/UI/Button.cpp')
  
C:\Users\Griffin G. Salazar\Cpp Projects\Aether Engine\Aether Engine\src\Core\Camera.h(14,67): warning C4244: '=': conversion from 'float' to 'int', possible loss of data
  (compiling source file 'src/Entities/UI/Button.cpp')
  
C:\Users\Griffin G. Salazar\Cpp Projects\Aether Engine\Aether Engine\src\Core\Camera.h(14,110): warning C4244: '=': conversion from 'float' to 'int', possible loss of data
  (compiling source file 'src/Entities/UI/Button.cpp')
  
C:\Users\Griffin G. Salazar\Cpp Projects\Aether Engine\Aether Engine\src\Graphics\Sprite.h(50,56): warning C4834: discarding return value of function with [[nodiscard]] attribute
  (compiling source file 'src/Entities/UI/Button.cpp')
  
C:\Users\Griffin G. Salazar\Cpp Projects\Aether Engine\Aether Engine\src\Graphics\Sprite.h(64,59): warning C4244: '=': conversion from 'double' to 'float', possible loss of data
  (compiling source file 'src/Entities/UI/Button.cpp')
  
C:\Users\Griffin G. Salazar\Cpp Projects\Aether Engine\Aether Engine\src\Graphics\Sprite.h(65,52): warning C4244: 'return': conversion from 'double' to 'float', possible loss of data
  (compiling source file 'src/Entities/UI/Button.cpp')
  
C:\Users\Griffin G. Salazar\Cpp Projects\Aether Engine\Aether Engine\src\Graphics\Font.h(11,37): warning C4244: 'argument': conversion from 'uint' to 'float', possible loss of data
  (compiling source file 'src/Entities/UI/Button.cpp')
  
C:\Users\Griffin G. Salazar\Cpp Projects\Aether Engine\Aether Engine\src\Graphics\Font.h(15,38): warning C4244: 'argument': conversion from 'uint' to 'float', possible loss of data
  (compiling source file 'src/Entities/UI/Button.cpp')
  
C:\Users\Griffin G. Salazar\Cpp Projects\Aether Engine\Aether Engine\src\Graphics\Text.h(50,55): warning C4834: discarding return value of function with [[nodiscard]] attribute
  (compiling source file 'src/Entities/UI/Button.cpp')
  
C:\Users\Griffin G. Salazar\Cpp Projects\Aether Engine\Aether Engine\src\Graphics\Text.h(75,59): warning C4244: '=': conversion from 'double' to 'float', possible loss of data
  (compiling source file 'src/Entities/UI/Button.cpp')
  
C:\Users\Griffin G. Salazar\Cpp Projects\Aether Engine\Aether Engine\src\Graphics\Text.h(76,52): warning C4244: 'return': conversion from 'double' to 'float', possible loss of data
  (compiling source file 'src/Entities/UI/Button.cpp')
  
C:\Users\Griffin G. Salazar\Cpp Projects\Aether Engine\Aether Engine\src\Game\Menu.h(14,13): warning C4150: deletion of pointer to incomplete type 'UI'; no destructor called
  (compiling source file 'src/Entities/UI/Button.cpp')
      C:\Users\Griffin G. Salazar\Cpp Projects\Aether Engine\Aether Engine\src\Game\Scene.h(11,7):
      see declaration of 'UI'
  
  Picker.cpp
C:\Users\Griffin G. Salazar\Cpp Projects\Aether Engine\Aether Engine\src\Core\Geometry.h(23,43): warning C4244: 'return': conversion from 'double' to 'float', possible loss of data
  (compiling source file 'src/Entities/UI/Picker.cpp')
  
C:\Users\Griffin G. Salazar\Cpp Projects\Aether Engine\Aether Engine\src\Core\Geometry.h(35,43): warning C4244: 'return': conversion from 'double' to 'float', possible loss of data
  (compiling source file 'src/Entities/UI/Picker.cpp')
  
C:\Users\Griffin G. Salazar\Cpp Projects\Aether Engine\Aether Engine\src\Core\Geometry.h(36,45): warning C4244: 'return': conversion from 'double' to 'float', possible loss of data
  (compiling source file 'src/Entities/UI/Picker.cpp')
  
C:\Users\Griffin G. Salazar\Cpp Projects\Aether Engine\Aether Engine\src\Core\Geometry.h(47,124): warning C4244: 'return': conversion from 'double' to 'float', possible loss of data
  (compiling source file 'src/Entities/UI/Picker.cpp')
  
C:\Users\Griffin G. Salazar\Cpp Projects\Aether Engine\Aether Engine\src\Core\Geometry.h(60,39): warning C4244: 'return': conversion from 'int' to 'float', possible loss of data
  (compiling source file 'src/Entities/UI/Picker.cpp')
  
C:\Users\Griffin G. Salazar\Cpp Projects\Aether Engine\Aether Engine\src\Core\Camera.h(14,67): warning C4244: '=': conversion from 'float' to 'int', possible loss of data
  (compiling source file 'src/Entities/UI/Picker.cpp')
  
C:\Users\Griffin G. Salazar\Cpp Projects\Aether Engine\Aether Engine\src\Core\Camera.h(14,110): warning C4244: '=': conversion from 'float' to 'int', possible loss of data
  (compiling source file 'src/Entities/UI/Picker.cpp')
  
C:\Users\Griffin G. Salazar\Cpp Projects\Aether Engine\Aether Engine\src\Graphics\Sprite.h(50,56): warning C4834: discarding return value of function with [[nodiscard]] attribute
  (compiling source file 'src/Entities/UI/Picker.cpp')
  
C:\Users\Griffin G. Salazar\Cpp Projects\Aether Engine\Aether Engine\src\Graphics\Sprite.h(64,59): warning C4244: '=': conversion from 'double' to 'float', possible loss of data
  (compiling source file 'src/Entities/UI/Picker.cpp')
  
C:\Users\Griffin G. Salazar\Cpp Projects\Aether Engine\Aether Engine\src\Graphics\Sprite.h(65,52): warning C4244: 'return': conversion from 'double' to 'float', possible loss of data
  (compiling source file 'src/Entities/UI/Picker.cpp')
  
C:\Users\Griffin G. Salazar\Cpp Projects\Aether Engine\Aether Engine\src\Graphics\Font.h(11,37): warning C4244: 'argument': conversion from 'uint' to 'float', possible loss of data
  (compiling source file 'src/Entities/UI/Picker.cpp')
  
C:\Users\Griffin G. Salazar\Cpp Projects\Aether Engine\Aether Engine\src\Graphics\Font.h(15,38): warning C4244: 'argument': conversion from 'uint' to 'float', possible loss of data
  (compiling source file 'src/Entities/UI/Picker.cpp')
  
C:\Users\Griffin G. Salazar\Cpp Projects\Aether Engine\Aether Engine\src\Graphics\Text.h(50,55): warning C4834: discarding return value of function with [[nodiscard]] attribute
  (compiling source file 'src/Entities/UI/Picker.cpp')
  
C:\Users\Griffin G. Salazar\Cpp Projects\Aether Engine\Aether Engine\src\Graphics\Text.h(75,59): warning C4244: '=': conversion from 'double' to 'float', possible loss of data
  (compiling source file 'src/Entities/UI/Picker.cpp')
  
C:\Users\Griffin G. Salazar\Cpp Projects\Aether Engine\Aether Engine\src\Graphics\Text.h(76,52): warning C4244: 'return': conversion from 'double' to 'float', possible loss of data
  (compiling source file 'src/Entities/UI/Picker.cpp')
  
C:\Users\Griffin G. Salazar\Cpp Projects\Aether Engine\Aether Engine\src\Game\Menu.h(14,13): warning C4150: deletion of pointer to incomplete type 'UI'; no destructor called
  (compiling source file 'src/Entities/UI/Picker.cpp')
      C:\Users\Griffin G. Salazar\Cpp Projects\Aether Engine\Aether Engine\src\Game\Scene.h(11,7):
      see declaration of 'UI'
  
C:\Users\Griffin G. Salazar\Cpp Projects\Aether Engine\Aether Engine\src\Entities\UI\Picker.cpp(11,23): warning C4244: '=': conversion from 'double' to 'int', possible loss of data
C:\Users\Griffin G. Salazar\Cpp Projects\Aether Engine\Aether Engine\src\Entities\UI\Picker.cpp(12,23): warning C4244: '=': conversion from 'double' to 'int', possible loss of data
C:\Users\Griffin G. Salazar\Cpp Projects\Aether Engine\Aether Engine\src\Entities\UI\Picker.cpp(13,23): warning C4244: '=': conversion from 'double' to 'int', possible loss of data
C:\Users\Griffin G. Salazar\Cpp Projects\Aether Engine\Aether Engine\src\Entities\UI\Picker.cpp(14,23): warning C4244: '=': conversion from 'double' to 'int', possible loss of data
C:\Users\Griffin G. Salazar\Cpp Projects\Aether Engine\Aether Engine\src\Entities\UI\Picker.cpp(17,23): warning C4244: '=': conversion from 'double' to 'int', possible loss of data
C:\Users\Griffin G. Salazar\Cpp Projects\Aether Engine\Aether Engine\src\Entities\UI\Picker.cpp(18,23): warning C4244: '=': conversion from 'double' to 'int', possible loss of data
C:\Users\Griffin G. Salazar\Cpp Projects\Aether Engine\Aether Engine\src\Entities\UI\Picker.cpp(19,23): warning C4244: '=': conversion from 'double' to 'int', possible loss of data
C:\Users\Griffin G. Salazar\Cpp Projects\Aether Engine\Aether Engine\src\Entities\UI\Picker.cpp(20,23): warning C4244: '=': conversion from 'double' to 'int', possible loss of data
C:\Users\Griffin G. Salazar\Cpp Projects\Aether Engine\Aether Engine\src\Entities\UI\Picker.cpp(74,23): warning C4244: '=': conversion from 'double' to 'int', possible loss of data
C:\Users\Griffin G. Salazar\Cpp Projects\Aether Engine\Aether Engine\src\Entities\UI\Picker.cpp(75,23): warning C4244: '=': conversion from 'double' to 'int', possible loss of data
C:\Users\Griffin G. Salazar\Cpp Projects\Aether Engine\Aether Engine\src\Entities\UI\Picker.cpp(77,23): warning C4244: '=': conversion from 'double' to 'int', possible loss of data
C:\Users\Griffin G. Salazar\Cpp Projects\Aether Engine\Aether Engine\src\Entities\UI\Picker.cpp(96,33): warning C4244: '=': conversion from 'double' to 'uint', possible loss of data
  Slider.cpp
C:\Users\Griffin G. Salazar\Cpp Projects\Aether Engine\Aether Engine\src\Core\Geometry.h(23,43): warning C4244: 'return': conversion from 'double' to 'float', possible loss of data
  (compiling source file 'src/Entities/UI/Slider.cpp')
  
C:\Users\Griffin G. Salazar\Cpp Projects\Aether Engine\Aether Engine\src\Core\Geometry.h(35,43): warning C4244: 'return': conversion from 'double' to 'float', possible loss of data
  (compiling source file 'src/Entities/UI/Slider.cpp')
  
C:\Users\Griffin G. Salazar\Cpp Projects\Aether Engine\Aether Engine\src\Core\Geometry.h(36,45): warning C4244: 'return': conversion from 'double' to 'float', possible loss of data
  (compiling source file 'src/Entities/UI/Slider.cpp')
  
C:\Users\Griffin G. Salazar\Cpp Projects\Aether Engine\Aether Engine\src\Core\Geometry.h(47,124): warning C4244: 'return': conversion from 'double' to 'float', possible loss of data
  (compiling source file 'src/Entities/UI/Slider.cpp')
  
C:\Users\Griffin G. Salazar\Cpp Projects\Aether Engine\Aether Engine\src\Core\Geometry.h(60,39): warning C4244: 'return': conversion from 'int' to 'float', possible loss of data
  (compiling source file 'src/Entities/UI/Slider.cpp')
  
C:\Users\Griffin G. Salazar\Cpp Projects\Aether Engine\Aether Engine\src\Core\Camera.h(14,67): warning C4244: '=': conversion from 'float' to 'int', possible loss of data
  (compiling source file 'src/Entities/UI/Slider.cpp')
  
C:\Users\Griffin G. Salazar\Cpp Projects\Aether Engine\Aether Engine\src\Core\Camera.h(14,110): warning C4244: '=': conversion from 'float' to 'int', possible loss of data
  (compiling source file 'src/Entities/UI/Slider.cpp')
  
C:\Users\Griffin G. Salazar\Cpp Projects\Aether Engine\Aether Engine\src\Graphics\Sprite.h(50,56): warning C4834: discarding return value of function with [[nodiscard]] attribute
  (compiling source file 'src/Entities/UI/Slider.cpp')
  
C:\Users\Griffin G. Salazar\Cpp Projects\Aether Engine\Aether Engine\src\Graphics\Sprite.h(64,59): warning C4244: '=': conversion from 'double' to 'float', possible loss of data
  (compiling source file 'src/Entities/UI/Slider.cpp')
  
C:\Users\Griffin G. Salazar\Cpp Projects\Aether Engine\Aether Engine\src\Graphics\Sprite.h(65,52): warning C4244: 'return': conversion from 'double' to 'float', possible loss of data
  (compiling source file 'src/Entities/UI/Slider.cpp')
  
C:\Users\Griffin G. Salazar\Cpp Projects\Aether Engine\Aether Engine\src\Graphics\Font.h(11,37): warning C4244: 'argument': conversion from 'uint' to 'float', possible loss of data
  (compiling source file 'src/Entities/UI/Slider.cpp')
  
C:\Users\Griffin G. Salazar\Cpp Projects\Aether Engine\Aether Engine\src\Graphics\Font.h(15,38): warning C4244: 'argument': conversion from 'uint' to 'float', possible loss of data
  (compiling source file 'src/Entities/UI/Slider.cpp')
  
C:\Users\Griffin G. Salazar\Cpp Projects\Aether Engine\Aether Engine\src\Graphics\Text.h(50,55): warning C4834: discarding return value of function with [[nodiscard]] attribute
  (compiling source file 'src/Entities/UI/Slider.cpp')
  
C:\Users\Griffin G. Salazar\Cpp Projects\Aether Engine\Aether Engine\src\Graphics\Text.h(75,59): warning C4244: '=': conversion from 'double' to 'float', possible loss of data
  (compiling source file 'src/Entities/UI/Slider.cpp')
  
C:\Users\Griffin G. Salazar\Cpp Projects\Aether Engine\Aether Engine\src\Graphics\Text.h(76,52): warning C4244: 'return': conversion from 'double' to 'float', possible loss of data
  (compiling source file 'src/Entities/UI/Slider.cpp')
  
C:\Users\Griffin G. Salazar\Cpp Projects\Aether Engine\Aether Engine\src\Game\Menu.h(14,13): warning C4150: deletion of pointer to incomplete type 'UI'; no destructor called
  (compiling source file 'src/Entities/UI/Slider.cpp')
      C:\Users\Griffin G. Salazar\Cpp Projects\Aether Engine\Aether Engine\src\Game\Scene.h(11,7):
      see declaration of 'UI'
  
C:\Users\Griffin G. Salazar\Cpp Projects\Aether Engine\Aether Engine\src\Entities\UI\Slider.cpp(19,27): warning C4244: '=': conversion from 'float' to 'int', possible loss of data
C:\Users\Griffin G. Salazar\Cpp Projects\Aether Engine\Aether Engine\src\Entities\UI\Slider.cpp(20,27): warning C4244: '=': conversion from 'float' to 'int', possible loss of data
C:\Users\Griffin G. Salazar\Cpp Projects\Aether Engine\Aether Engine\src\Entities\UI\Slider.cpp(26,66): warning C4244: '=': conversion from 'double' to 'float', possible loss of data
C:\Users\Griffin G. Salazar\Cpp Projects\Aether Engine\Aether Engine\src\Entities\UI\Slider.cpp(45,37): warning C4244: '=': conversion from 'T' to 'float', possible loss of data
C:\Users\Griffin G. Salazar\Cpp Projects\Aether Engine\Aether Engine\src\Entities\UI\Slider.cpp(45,37): warning C4244:         with
C:\Users\Griffin G. Salazar\Cpp Projects\Aether Engine\Aether Engine\src\Entities\UI\Slider.cpp(45,37): warning C4244:         [
C:\Users\Griffin G. Salazar\Cpp Projects\Aether Engine\Aether Engine\src\Entities\UI\Slider.cpp(45,37): warning C4244:             T=int
C:\Users\Griffin G. Salazar\Cpp Projects\Aether Engine\Aether Engine\src\Entities\UI\Slider.cpp(45,37): warning C4244:         ]
C:\Users\Griffin G. Salazar\Cpp Projects\Aether Engine\Aether Engine\src\Entities\UI\Slider.cpp(46,45): warning C4244: 'argument': conversion from 'int' to 'const float', possible loss of data
C:\Users\Griffin G. Salazar\Cpp Projects\Aether Engine\Aether Engine\src\Entities\UI\Slider.cpp(46,31): warning C4244: 'argument': conversion from 'int' to 'const float', possible loss of data
C:\Users\Griffin G. Salazar\Cpp Projects\Aether Engine\Aether Engine\src\Entities\UI\Slider.cpp(82,27): warning C4244: '=': conversion from 'float' to 'int', possible loss of data
C:\Users\Griffin G. Salazar\Cpp Projects\Aether Engine\Aether Engine\src\Entities\UI\Slider.cpp(83,27): warning C4244: '=': conversion from 'float' to 'int', possible loss of data
C:\Users\Griffin G. Salazar\Cpp Projects\Aether Engine\Aether Engine\src\Entities\UI\Slider.cpp(86,33): warning C4244: '=': conversion from 'double' to 'float', possible loss of data
C:\Users\Griffin G. Salazar\Cpp Projects\Aether Engine\Aether Engine\src\Entities\UI\Slider.cpp(88,33): warning C4244: '=': conversion from 'double' to 'float', possible loss of data
  Toggle.cpp
C:\Users\Griffin G. Salazar\Cpp Projects\Aether Engine\Aether Engine\src\Core\Geometry.h(23,43): warning C4244: 'return': conversion from 'double' to 'float', possible loss of data
  (compiling source file 'src/Entities/UI/Toggle.cpp')
  
C:\Users\Griffin G. Salazar\Cpp Projects\Aether Engine\Aether Engine\src\Core\Geometry.h(35,43): warning C4244: 'return': conversion from 'double' to 'float', possible loss of data
  (compiling source file 'src/Entities/UI/Toggle.cpp')
  
C:\Users\Griffin G. Salazar\Cpp Projects\Aether Engine\Aether Engine\src\Core\Geometry.h(36,45): warning C4244: 'return': conversion from 'double' to 'float', possible loss of data
  (compiling source file 'src/Entities/UI/Toggle.cpp')
  
C:\Users\Griffin G. Salazar\Cpp Projects\Aether Engine\Aether Engine\src\Core\Geometry.h(47,124): warning C4244: 'return': conversion from 'double' to 'float', possible loss of data
  (compiling source file 'src/Entities/UI/Toggle.cpp')
  
C:\Users\Griffin G. Salazar\Cpp Projects\Aether Engine\Aether Engine\src\Core\Geometry.h(60,39): warning C4244: 'return': conversion from 'int' to 'float', possible loss of data
  (compiling source file 'src/Entities/UI/Toggle.cpp')
  
C:\Users\Griffin G. Salazar\Cpp Projects\Aether Engine\Aether Engine\src\Core\Camera.h(14,67): warning C4244: '=': conversion from 'float' to 'int', possible loss of data
  (compiling source file 'src/Entities/UI/Toggle.cpp')
  
C:\Users\Griffin G. Salazar\Cpp Projects\Aether Engine\Aether Engine\src\Core\Camera.h(14,110): warning C4244: '=': conversion from 'float' to 'int', possible loss of data
  (compiling source file 'src/Entities/UI/Toggle.cpp')
  
C:\Users\Griffin G. Salazar\Cpp Projects\Aether Engine\Aether Engine\src\Graphics\Sprite.h(50,56): warning C4834: discarding return value of function with [[nodiscard]] attribute
  (compiling source file 'src/Entities/UI/Toggle.cpp')
  
C:\Users\Griffin G. Salazar\Cpp Projects\Aether Engine\Aether Engine\src\Graphics\Sprite.h(64,59): warning C4244: '=': conversion from 'double' to 'float', possible loss of data
  (compiling source file 'src/Entities/UI/Toggle.cpp')
  
C:\Users\Griffin G. Salazar\Cpp Projects\Aether Engine\Aether Engine\src\Graphics\Sprite.h(65,52): warning C4244: 'return': conversion from 'double' to 'float', possible loss of data
  (compiling source file 'src/Entities/UI/Toggle.cpp')
  
C:\Users\Griffin G. Salazar\Cpp Projects\Aether Engine\Aether Engine\src\Graphics\Font.h(11,37): warning C4244: 'argument': conversion from 'uint' to 'float', possible loss of data
  (compiling source file 'src/Entities/UI/Toggle.cpp')
  
C:\Users\Griffin G. Salazar\Cpp Projects\Aether Engine\Aether Engine\src\Graphics\Font.h(15,38): warning C4244: 'argument': conversion from 'uint' to 'float', possible loss of data
  (compiling source file 'src/Entities/UI/Toggle.cpp')
  
C:\Users\Griffin G. Salazar\Cpp Projects\Aether Engine\Aether Engine\src\Graphics\Text.h(50,55): warning C4834: discarding return value of function with [[nodiscard]] attribute
  (compiling source file 'src/Entities/UI/Toggle.cpp')
  
C:\Users\Griffin G. Salazar\Cpp Projects\Aether Engine\Aether Engine\src\Graphics\Text.h(75,59): warning C4244: '=': conversion from 'double' to 'float', possible loss of data
  (compiling source file 'src/Entities/UI/Toggle.cpp')
  
C:\Users\Griffin G. Salazar\Cpp Projects\Aether Engine\Aether Engine\src\Graphics\Text.h(76,52): warning C4244: 'return': conversion from 'double' to 'float', possible loss of data
  (compiling source file 'src/Entities/UI/Toggle.cpp')
  
C:\Users\Griffin G. Salazar\Cpp Projects\Aether Engine\Aether Engine\src\Game\Menu.h(14,13): warning C4150: deletion of pointer to incomplete type 'UI'; no destructor called
  (compiling source file 'src/Entities/UI/Toggle.cpp')
      C:\Users\Griffin G. Salazar\Cpp Projects\Aether Engine\Aether Engine\src\Game\Scene.h(11,7):
      see declaration of 'UI'
  
  UI.cpp
C:\Users\Griffin G. Salazar\Cpp Projects\Aether Engine\Aether Engine\src\Core\Geometry.h(23,43): warning C4244: 'return': conversion from 'double' to 'float', possible loss of data
  (compiling source file 'src/Entities/UI/UI.cpp')
  
C:\Users\Griffin G. Salazar\Cpp Projects\Aether Engine\Aether Engine\src\Core\Geometry.h(35,43): warning C4244: 'return': conversion from 'double' to 'float', possible loss of data
  (compiling source file 'src/Entities/UI/UI.cpp')
  
C:\Users\Griffin G. Salazar\Cpp Projects\Aether Engine\Aether Engine\src\Core\Geometry.h(36,45): warning C4244: 'return': conversion from 'double' to 'float', possible loss of data
  (compiling source file 'src/Entities/UI/UI.cpp')
  
C:\Users\Griffin G. Salazar\Cpp Projects\Aether Engine\Aether Engine\src\Core\Geometry.h(47,124): warning C4244: 'return': conversion from 'double' to 'float', possible loss of data
  (compiling source file 'src/Entities/UI/UI.cpp')
  
C:\Users\Griffin G. Salazar\Cpp Projects\Aether Engine\Aether Engine\src\Core\Geometry.h(60,39): warning C4244: 'return': conversion from 'int' to 'float', possible loss of data
  (compiling source file 'src/Entities/UI/UI.cpp')
  
C:\Users\Griffin G. Salazar\Cpp Projects\Aether Engine\Aether Engine\src\Core\Camera.h(14,67): warning C4244: '=': conversion from 'float' to 'int', possible loss of data
  (compiling source file 'src/Entities/UI/UI.cpp')
  
C:\Users\Griffin G. Salazar\Cpp Projects\Aether Engine\Aether Engine\src\Core\Camera.h(14,110): warning C4244: '=': conversion from 'float' to 'int', possible loss of data
  (compiling source file 'src/Entities/UI/UI.cpp')
  
C:\Users\Griffin G. Salazar\Cpp Projects\Aether Engine\Aether Engine\src\Graphics\Sprite.h(50,56): warning C4834: discarding return value of function with [[nodiscard]] attribute
  (compiling source file 'src/Entities/UI/UI.cpp')
  
C:\Users\Griffin G. Salazar\Cpp Projects\Aether Engine\Aether Engine\src\Graphics\Sprite.h(64,59): warning C4244: '=': conversion from 'double' to 'float', possible loss of data
  (compiling source file 'src/Entities/UI/UI.cpp')
  
C:\Users\Griffin G. Salazar\Cpp Projects\Aether Engine\Aether Engine\src\Graphics\Sprite.h(65,52): warning C4244: 'return': conversion from 'double' to 'float', possible loss of data
  (compiling source file 'src/Entities/UI/UI.cpp')
  
C:\Users\Griffin G. Salazar\Cpp Projects\Aether Engine\Aether Engine\src\Graphics\Font.h(11,37): warning C4244: 'argument': conversion from 'uint' to 'float', possible loss of data
  (compiling source file 'src/Entities/UI/UI.cpp')
  
C:\Users\Griffin G. Salazar\Cpp Projects\Aether Engine\Aether Engine\src\Graphics\Font.h(15,38): warning C4244: 'argument': conversion from 'uint' to 'float', possible loss of data
  (compiling source file 'src/Entities/UI/UI.cpp')
  
C:\Users\Griffin G. Salazar\Cpp Projects\Aether Engine\Aether Engine\src\Graphics\Text.h(50,55): warning C4834: discarding return value of function with [[nodiscard]] attribute
  (compiling source file 'src/Entities/UI/UI.cpp')
  
C:\Users\Griffin G. Salazar\Cpp Projects\Aether Engine\Aether Engine\src\Graphics\Text.h(75,59): warning C4244: '=': conversion from 'double' to 'float', possible loss of data
  (compiling source file 'src/Entities/UI/UI.cpp')
  
C:\Users\Griffin G. Salazar\Cpp Projects\Aether Engine\Aether Engine\src\Graphics\Text.h(76,52): warning C4244: 'return': conversion from 'double' to 'float', possible loss of data
  (compiling source file 'src/Entities/UI/UI.cpp')
  
C:\Users\Griffin G. Salazar\Cpp Projects\Aether Engine\Aether Engine\src\Game\Menu.h(14,13): warning C4150: deletion of pointer to incomplete type 'UI'; no destructor called
  (compiling source file 'src/Entities/UI/UI.cpp')
      C:\Users\Griffin G. Salazar\Cpp Projects\Aether Engine\Aether Engine\src\Game\Scene.h(11,7):
      see declaration of 'UI'
  
  Game.cpp
C:\Users\Griffin G. Salazar\Cpp Projects\Aether Engine\Aether Engine\src\Core\Geometry.h(23,43): warning C4244: 'return': conversion from 'double' to 'float', possible loss of data
  (compiling source file 'src/Game/Game.cpp')
  
C:\Users\Griffin G. Salazar\Cpp Projects\Aether Engine\Aether Engine\src\Core\Geometry.h(35,43): warning C4244: 'return': conversion from 'double' to 'float', possible loss of data
  (compiling source file 'src/Game/Game.cpp')
  
C:\Users\Griffin G. Salazar\Cpp Projects\Aether Engine\Aether Engine\src\Core\Geometry.h(36,45): warning C4244: 'return': conversion from 'double' to 'float', possible loss of data
  (compiling source file 'src/Game/Game.cpp')
  
C:\Users\Griffin G. Salazar\Cpp Projects\Aether Engine\Aether Engine\src\Core\Geometry.h(47,124): warning C4244: 'return': conversion from 'double' to 'float', possible loss of data
  (compiling source file 'src/Game/Game.cpp')
  
C:\Users\Griffin G. Salazar\Cpp Projects\Aether Engine\Aether Engine\src\Core\Geometry.h(60,39): warning C4244: 'return': conversion from 'int' to 'float', possible loss of data
  (compiling source file 'src/Game/Game.cpp')
  
C:\Users\Griffin G. Salazar\Cpp Projects\Aether Engine\Aether Engine\src\Core\Camera.h(14,67): warning C4244: '=': conversion from 'float' to 'int', possible loss of data
  (compiling source file 'src/Game/Game.cpp')
  
C:\Users\Griffin G. Salazar\Cpp Projects\Aether Engine\Aether Engine\src\Core\Camera.h(14,110): warning C4244: '=': conversion from 'float' to 'int', possible loss of data
  (compiling source file 'src/Game/Game.cpp')
  
C:\Users\Griffin G. Salazar\Cpp Projects\Aether Engine\Aether Engine\src\Graphics\Sprite.h(50,56): warning C4834: discarding return value of function with [[nodiscard]] attribute
  (compiling source file 'src/Game/Game.cpp')
  
C:\Users\Griffin G. Salazar\Cpp Projects\Aether Engine\Aether Engine\src\Graphics\Sprite.h(64,59): warning C4244: '=': conversion from 'double' to 'float', possible loss of data
  (compiling source file 'src/Game/Game.cpp')
  
C:\Users\Griffin G. Salazar\Cpp Projects\Aether Engine\Aether Engine\src\Graphics\Sprite.h(65,52): warning C4244: 'return': conversion from 'double' to 'float', possible loss of data
  (compiling source file 'src/Game/Game.cpp')
  
C:\Users\Griffin G. Salazar\Cpp Projects\Aether Engine\Aether Engine\src\Graphics\Font.h(11,37): warning C4244: 'argument': conversion from 'uint' to 'float', possible loss of data
  (compiling source file 'src/Game/Game.cpp')
  
C:\Users\Griffin G. Salazar\Cpp Projects\Aether Engine\Aether Engine\src\Graphics\Font.h(15,38): warning C4244: 'argument': conversion from 'uint' to 'float', possible loss of data
  (compiling source file 'src/Game/Game.cpp')
  
C:\Users\Griffin G. Salazar\Cpp Projects\Aether Engine\Aether Engine\src\Graphics\Text.h(50,55): warning C4834: discarding return value of function with [[nodiscard]] attribute
  (compiling source file 'src/Game/Game.cpp')
  
C:\Users\Griffin G. Salazar\Cpp Projects\Aether Engine\Aether Engine\src\Graphics\Text.h(75,59): warning C4244: '=': conversion from 'double' to 'float', possible loss of data
  (compiling source file 'src/Game/Game.cpp')
  
C:\Users\Griffin G. Salazar\Cpp Projects\Aether Engine\Aether Engine\src\Graphics\Text.h(76,52): warning C4244: 'return': conversion from 'double' to 'float', possible loss of data
  (compiling source file 'src/Game/Game.cpp')
  
  Menu.cpp
C:\Users\Griffin G. Salazar\Cpp Projects\Aether Engine\Aether Engine\src\Core\Geometry.h(23,43): warning C4244: 'return': conversion from 'double' to 'float', possible loss of data
  (compiling source file 'src/Game/Menu.cpp')
  
C:\Users\Griffin G. Salazar\Cpp Projects\Aether Engine\Aether Engine\src\Core\Geometry.h(35,43): warning C4244: 'return': conversion from 'double' to 'float', possible loss of data
  (compiling source file 'src/Game/Menu.cpp')
  
C:\Users\Griffin G. Salazar\Cpp Projects\Aether Engine\Aether Engine\src\Core\Geometry.h(36,45): warning C4244: 'return': conversion from 'double' to 'float', possible loss of data
  (compiling source file 'src/Game/Menu.cpp')
  
C:\Users\Griffin G. Salazar\Cpp Projects\Aether Engine\Aether Engine\src\Core\Geometry.h(47,124): warning C4244: 'return': conversion from 'double' to 'float', possible loss of data
  (compiling source file 'src/Game/Menu.cpp')
  
C:\Users\Griffin G. Salazar\Cpp Projects\Aether Engine\Aether Engine\src\Core\Geometry.h(60,39): warning C4244: 'return': conversion from 'int' to 'float', possible loss of data
  (compiling source file 'src/Game/Menu.cpp')
  
C:\Users\Griffin G. Salazar\Cpp Projects\Aether Engine\Aether Engine\src\Core\Camera.h(14,67): warning C4244: '=': conversion from 'float' to 'int', possible loss of data
  (compiling source file 'src/Game/Menu.cpp')
  
C:\Users\Griffin G. Salazar\Cpp Projects\Aether Engine\Aether Engine\src\Core\Camera.h(14,110): warning C4244: '=': conversion from 'float' to 'int', possible loss of data
  (compiling source file 'src/Game/Menu.cpp')
  
C:\Users\Griffin G. Salazar\Cpp Projects\Aether Engine\Aether Engine\src\Graphics\Sprite.h(50,56): warning C4834: discarding return value of function with [[nodiscard]] attribute
  (compiling source file 'src/Game/Menu.cpp')
  
C:\Users\Griffin G. Salazar\Cpp Projects\Aether Engine\Aether Engine\src\Graphics\Sprite.h(64,59): warning C4244: '=': conversion from 'double' to 'float', possible loss of data
  (compiling source file 'src/Game/Menu.cpp')
  
C:\Users\Griffin G. Salazar\Cpp Projects\Aether Engine\Aether Engine\src\Graphics\Sprite.h(65,52): warning C4244: 'return': conversion from 'double' to 'float', possible loss of data
  (compiling source file 'src/Game/Menu.cpp')
  
C:\Users\Griffin G. Salazar\Cpp Projects\Aether Engine\Aether Engine\src\Graphics\Font.h(11,37): warning C4244: 'argument': conversion from 'uint' to 'float', possible loss of data
  (compiling source file 'src/Game/Menu.cpp')
  
C:\Users\Griffin G. Salazar\Cpp Projects\Aether Engine\Aether Engine\src\Graphics\Font.h(15,38): warning C4244: 'argument': conversion from 'uint' to 'float', possible loss of data
  (compiling source file 'src/Game/Menu.cpp')
  
C:\Users\Griffin G. Salazar\Cpp Projects\Aether Engine\Aether Engine\src\Graphics\Text.h(50,55): warning C4834: discarding return value of function with [[nodiscard]] attribute
  (compiling source file 'src/Game/Menu.cpp')
  
C:\Users\Griffin G. Salazar\Cpp Projects\Aether Engine\Aether Engine\src\Graphics\Text.h(75,59): warning C4244: '=': conversion from 'double' to 'float', possible loss of data
  (compiling source file 'src/Game/Menu.cpp')
  
C:\Users\Griffin G. Salazar\Cpp Projects\Aether Engine\Aether Engine\src\Graphics\Text.h(76,52): warning C4244: 'return': conversion from 'double' to 'float', possible loss of data
  (compiling source file 'src/Game/Menu.cpp')
  
C:\Users\Griffin G. Salazar\Cpp Projects\Aether Engine\Aether Engine\src\Game\Menu.h(14,13): warning C4150: deletion of pointer to incomplete type 'UI'; no destructor called
  (compiling source file 'src/Game/Menu.cpp')
      C:\Users\Griffin G. Salazar\Cpp Projects\Aether Engine\Aether Engine\src\Game\Scene.h(11,7):
      see declaration of 'UI'
  
C:\Users\Griffin G. Salazar\Cpp Projects\Aether Engine\Aether Engine\src\Game\Menu.cpp(37,27): warning C4244: '=': conversion from 'float' to 'int', possible loss of data
C:\Users\Griffin G. Salazar\Cpp Projects\Aether Engine\Aether Engine\src\Game\Menu.cpp(58,27): warning C4244: '=': conversion from 'float' to 'int', possible loss of data
C:\Users\Griffin G. Salazar\Cpp Projects\Aether Engine\Aether Engine\src\Game\Menu.cpp(88,32): warning C4244: '=': conversion from 'float' to 'T', possible loss of data
C:\Users\Griffin G. Salazar\Cpp Projects\Aether Engine\Aether Engine\src\Game\Menu.cpp(88,32): warning C4244:         with
C:\Users\Griffin G. Salazar\Cpp Projects\Aether Engine\Aether Engine\src\Game\Menu.cpp(88,32): warning C4244:         [
C:\Users\Griffin G. Salazar\Cpp Projects\Aether Engine\Aether Engine\src\Game\Menu.cpp(88,32): warning C4244:             T=int
C:\Users\Griffin G. Salazar\Cpp Projects\Aether Engine\Aether Engine\src\Game\Menu.cpp(88,32): warning C4244:         ]
  Scene.cpp
C:\Users\Griffin G. Salazar\Cpp Projects\Aether Engine\Aether Engine\src\Core\Geometry.h(23,43): warning C4244: 'return': conversion from 'double' to 'float', possible loss of data
  (compiling source file 'src/Game/Scene.cpp')
  
C:\Users\Griffin G. Salazar\Cpp Projects\Aether Engine\Aether Engine\src\Core\Geometry.h(35,43): warning C4244: 'return': conversion from 'double' to 'float', possible loss of data
  (compiling source file 'src/Game/Scene.cpp')
  
C:\Users\Griffin G. Salazar\Cpp Projects\Aether Engine\Aether Engine\src\Core\Geometry.h(36,45): warning C4244: 'return': conversion from 'double' to 'float', possible loss of data
  (compiling source file 'src/Game/Scene.cpp')
  
C:\Users\Griffin G. Salazar\Cpp Projects\Aether Engine\Aether Engine\src\Core\Geometry.h(47,124): warning C4244: 'return': conversion from 'double' to 'float', possible loss of data
  (compiling source file 'src/Game/Scene.cpp')
  
C:\Users\Griffin G. Salazar\Cpp Projects\Aether Engine\Aether Engine\src\Core\Geometry.h(60,39): warning C4244: 'return': conversion from 'int' to 'float', possible loss of data
  (compiling source file 'src/Game/Scene.cpp')
  
C:\Users\Griffin G. Salazar\Cpp Projects\Aether Engine\Aether Engine\src\Core\Camera.h(14,67): warning C4244: '=': conversion from 'float' to 'int', possible loss of data
  (compiling source file 'src/Game/Scene.cpp')
  
C:\Users\Griffin G. Salazar\Cpp Projects\Aether Engine\Aether Engine\src\Core\Camera.h(14,110): warning C4244: '=': conversion from 'float' to 'int', possible loss of data
  (compiling source file 'src/Game/Scene.cpp')
  
C:\Users\Griffin G. Salazar\Cpp Projects\Aether Engine\Aether Engine\src\Graphics\Sprite.h(50,56): warning C4834: discarding return value of function with [[nodiscard]] attribute
  (compiling source file 'src/Game/Scene.cpp')
  
C:\Users\Griffin G. Salazar\Cpp Projects\Aether Engine\Aether Engine\src\Graphics\Sprite.h(64,59): warning C4244: '=': conversion from 'double' to 'float', possible loss of data
  (compiling source file 'src/Game/Scene.cpp')
  
C:\Users\Griffin G. Salazar\Cpp Projects\Aether Engine\Aether Engine\src\Graphics\Sprite.h(65,52): warning C4244: 'return': conversion from 'double' to 'float', possible loss of data
  (compiling source file 'src/Game/Scene.cpp')
  
C:\Users\Griffin G. Salazar\Cpp Projects\Aether Engine\Aether Engine\src\Graphics\Font.h(11,37): warning C4244: 'argument': conversion from 'uint' to 'float', possible loss of data
  (compiling source file 'src/Game/Scene.cpp')
  
C:\Users\Griffin G. Salazar\Cpp Projects\Aether Engine\Aether Engine\src\Graphics\Font.h(15,38): warning C4244: 'argument': conversion from 'uint' to 'float', possible loss of data
  (compiling source file 'src/Game/Scene.cpp')
  
C:\Users\Griffin G. Salazar\Cpp Projects\Aether Engine\Aether Engine\src\Graphics\Text.h(50,55): warning C4834: discarding return value of function with [[nodiscard]] attribute
  (compiling source file 'src/Game/Scene.cpp')
  
C:\Users\Griffin G. Salazar\Cpp Projects\Aether Engine\Aether Engine\src\Graphics\Text.h(75,59): warning C4244: '=': conversion from 'double' to 'float', possible loss of data
  (compiling source file 'src/Game/Scene.cpp')
  
C:\Users\Griffin G. Salazar\Cpp Projects\Aether Engine\Aether Engine\src\Graphics\Text.h(76,52): warning C4244: 'return': conversion from 'double' to 'float', possible loss of data
  (compiling source file 'src/Game/Scene.cpp')
  
C:\Users\Griffin G. Salazar\Cpp Projects\Aether Engine\Aether Engine\src\Game\Menu.h(14,13): warning C4150: deletion of pointer to incomplete type 'UI'; no destructor called
  (compiling source file 'src/Game/Scene.cpp')
      C:\Users\Griffin G. Salazar\Cpp Projects\Aether Engine\Aether Engine\src\Game\Scene.h(11,7):
      see declaration of 'UI'
  
  main.cpp
C:\Users\Griffin G. Salazar\Cpp Projects\Aether Engine\Aether Engine\src\Core\Geometry.h(23,43): warning C4244: 'return': conversion from 'double' to 'float', possible loss of data
  (compiling source file 'src/main.cpp')
  
C:\Users\Griffin G. Salazar\Cpp Projects\Aether Engine\Aether Engine\src\Core\Geometry.h(35,43): warning C4244: 'return': conversion from 'double' to 'float', possible loss of data
  (compiling source file 'src/main.cpp')
  
C:\Users\Griffin G. Salazar\Cpp Projects\Aether Engine\Aether Engine\src\Core\Geometry.h(36,45): warning C4244: 'return': conversion from 'double' to 'float', possible loss of data
  (compiling source file 'src/main.cpp')
  
C:\Users\Griffin G. Salazar\Cpp Projects\Aether Engine\Aether Engine\src\Core\Geometry.h(47,124): warning C4244: 'return': conversion from 'double' to 'float', possible loss of data
  (compiling source file 'src/main.cpp')
  
C:\Users\Griffin G. Salazar\Cpp Projects\Aether Engine\Aether Engine\src\Core\Geometry.h(60,39): warning C4244: 'return': conversion from 'int' to 'float', possible loss of data
  (compiling source file 'src/main.cpp')
  
C:\Users\Griffin G. Salazar\Cpp Projects\Aether Engine\Aether Engine\src\Core\Camera.h(14,67): warning C4244: '=': conversion from 'float' to 'int', possible loss of data
  (compiling source file 'src/main.cpp')
  
C:\Users\Griffin G. Salazar\Cpp Projects\Aether Engine\Aether Engine\src\Core\Camera.h(14,110): warning C4244: '=': conversion from 'float' to 'int', possible loss of data
  (compiling source file 'src/main.cpp')
  
C:\Users\Griffin G. Salazar\Cpp Projects\Aether Engine\Aether Engine\src\Graphics\Sprite.h(50,56): warning C4834: discarding return value of function with [[nodiscard]] attribute
  (compiling source file 'src/main.cpp')
  
C:\Users\Griffin G. Salazar\Cpp Projects\Aether Engine\Aether Engine\src\Graphics\Sprite.h(64,59): warning C4244: '=': conversion from 'double' to 'float', possible loss of data
  (compiling source file 'src/main.cpp')
  
C:\Users\Griffin G. Salazar\Cpp Projects\Aether Engine\Aether Engine\src\Graphics\Sprite.h(65,52): warning C4244: 'return': conversion from 'double' to 'float', possible loss of data
  (compiling source file 'src/main.cpp')
  
C:\Users\Griffin G. Salazar\Cpp Projects\Aether Engine\Aether Engine\src\Graphics\Font.h(11,37): warning C4244: 'argument': conversion from 'uint' to 'float', possible loss of data
  (compiling source file 'src/main.cpp')
  
C:\Users\Griffin G. Salazar\Cpp Projects\Aether Engine\Aether Engine\src\Graphics\Font.h(15,38): warning C4244: 'argument': conversion from 'uint' to 'float', possible loss of data
  (compiling source file 'src/main.cpp')
  
C:\Users\Griffin G. Salazar\Cpp Projects\Aether Engine\Aether Engine\src\Graphics\Text.h(50,55): warning C4834: discarding return value of function with [[nodiscard]] attribute
  (compiling source file 'src/main.cpp')
  
C:\Users\Griffin G. Salazar\Cpp Projects\Aether Engine\Aether Engine\src\Graphics\Text.h(75,59): warning C4244: '=': conversion from 'double' to 'float', possible loss of data
  (compiling source file 'src/main.cpp')
  
C:\Users\Griffin G. Salazar\Cpp Projects\Aether Engine\Aether Engine\src\Graphics\Text.h(76,52): warning C4244: 'return': conversion from 'double' to 'float', possible loss of data
  (compiling source file 'src/main.cpp')
  
  Generating Code...
  Aether Engine.vcxproj -> C:\Users\Griffin G. Salazar\Cpp Projects\Aether Engine\x64\Debug\Aether Engine.exe
